<?xml version="1.0" encoding="UTF-8"?>
<testsuite xmlns:xsi="http://www.w3.org/2001/XMLSchema-instance" xsi:noNamespaceSchemaLocation="https://maven.apache.org/surefire/maven-surefire-plugin/xsd/surefire-test-report.xsd" name="com.ibm.developer.produce.com_ibm_developer.Produce_serviceTest" time="6.296" tests="3" errors="0" skipped="0" failures="0">
  <properties>
[...]
</properties>
  <testcase name="validate_find_all_produce" classname="com.ibm.developer.produce.com_ibm_developer.Produce_serviceTest" time="0.677"/>
  <testcase name="validate_find_produce_by_name" classname="com.ibm.developer.produce.com_ibm_developer.Produce_serviceTest" time="0.043"/>
  <testcase name="validate_add_produce" classname="com.ibm.developer.produce.com_ibm_developer.Produce_serviceTest" time="0.082"/>
</testsuite>